<?xml version="1.0" encoding="UTF-8" ?>
<testsuite errors="1" failures="0" hostname="aifbhera" name="com.hp.hpl.jena.sparql.test.ARQTestSuite" tests="1" time="0.0" timestamp="2009-03-18T10:27:08">
  <properties>
[...]
</properties>
  <error type="java.lang.reflect.InvocationTargetException">java.lang.reflect.InvocationTargetException
	at org.eclipse.ant.internal.ui.antsupport.EclipseDefaultExecutor.executeTargets(EclipseDefaultExecutor.java:32)
	at org.eclipse.ant.internal.ui.antsupport.InternalAntRunner.run(InternalAntRunner.java:423)
	at org.eclipse.ant.internal.ui.antsupport.InternalAntRunner.main(InternalAntRunner.java:137)
Caused by: java.lang.ExceptionInInitializerError
	at java.lang.Class.forName0(Native Method)
	at java.lang.Class.forName(Unknown Source)
	at com.hp.hpl.jena.sparql.suites.TS_Update.class$(TS_Update.java:19)
	at com.hp.hpl.jena.sparql.suites.TS_Update.suite(TS_Update.java:20)
	at com.hp.hpl.jena.sparql.test.ARQTestSuite.suite(ARQTestSuite.java:64)
Caused by: com.hp.hpl.jena.query.QueryParseException: Encountered &quot; &lt;VAR&gt; &quot;2007 &quot;&quot; at line 1, column 1.
Was expecting one of:
    &lt;IRIref&gt; ...
    &lt;PNAME_NS&gt; ...
    &lt;PNAME_LN&gt; ...
    &lt;BLANK_NODE_LABEL&gt; ...
    &quot;true&quot; ...
    &quot;false&quot; ...
    &lt;INTEGER&gt; ...
    &lt;DECIMAL&gt; ...
    &lt;DOUBLE&gt; ...
    &lt;INTEGER_POSITIVE&gt; ...
    &lt;DECIMAL_POSITIVE&gt; ...
    &lt;DOUBLE_POSITIVE&gt; ...
    &lt;INTEGER_NEGATIVE&gt; ...
    &lt;DECIMAL_NEGATIVE&gt; ...
    &lt;DOUBLE_NEGATIVE&gt; ...
    &lt;STRING_LITERAL1&gt; ...
    &lt;STRING_LITERAL2&gt; ...
    &lt;STRING_LITERAL_LONG1&gt; ...
    &lt;STRING_LITERAL_LONG2&gt; ...
    &lt;NIL&gt; ...
    &lt;ANON&gt; ...
    
	at com.hp.hpl.jena.sparql.util.NodeFactory.create(NodeFactory.java:43)
	at com.hp.hpl.jena.sparql.suites.TestUpdateGraph.&lt;clinit&gt;(TestUpdateGraph.java:43)
</error>
  <system-out><![CDATA[]]></system-out>
  <system-err><![CDATA[]]></system-err>
</testsuite>
